<?xml version="1.0" encoding="UTF-8"?>
<coverage generated="1715887906050" clover="3.2.0">
  <project timestamp="1715887906050" name="All files">
    <metrics statements="17" coveredstatements="9" conditionals="2" coveredconditionals="0" methods="3" coveredmethods="2" elements="22" coveredelements="11" complexity="0" loc="17" ncloc="17" packages="1" files="3" classes="3"/>
    <file name="getJSON.js" path="C:\Users\Celmar Pereira\Desktop\javascript-definitive-guide-7\javascript-tools-and-extensions\getJSON.js">
      <metrics statements="11" coveredstatements="3" conditionals="2" coveredconditionals="0" methods="1" coveredmethods="0"/>
      <line num="3" count="1" type="stmt"/>
      <line num="5" count="1" type="stmt"/>
      <line num="6" count="0" type="stmt"/>
      <line num="7" count="0" type="stmt"/>
      <line num="8" count="0" type="cond" truecount="0" falsecount="2"/>
      <line num="9" count="0" type="stmt"/>
      <line num="11" count="0" type="stmt"/>
      <line num="12" count="0" type="stmt"/>
      <line num="14" count="0" type="stmt"/>
      <line num="15" count="0" type="stmt"/>
      <line num="19" count="1" type="stmt"/>
    </file>
    <file name="getTemperature.js" path="C:\Users\Celmar Pereira\Desktop\javascript-definitive-guide-7\javascript-tools-and-extensions\getTemperature.js">
      <metrics statements="4" coveredstatements="4" conditionals="0" coveredconditionals="0" methods="1" coveredmethods="1"/>
      <line num="1" count="1" type="stmt"/>
      <line num="9" count="1" type="stmt"/>
      <line num="11" count="3" type="stmt"/>
      <line num="17" count="3" type="stmt"/>
    </file>
    <file name="sum.js" path="C:\Users\Celmar Pereira\Desktop\javascript-definitive-guide-7\javascript-tools-and-extensions\sum.js">
      <metrics statements="2" coveredstatements="2" conditionals="0" coveredconditionals="0" methods="1" coveredmethods="1"/>
      <line num="2" count="1" type="stmt"/>
      <line num="4" count="1" type="stmt"/>
    </file>
  </project>
</coverage>
