{"C:\\Users\\Celmar Pereira\\Desktop\\javascript-definitive-guide-7\\javascript-tools-and-extensions\\getJSON.js": {"path":"C:\\Users\\Celmar Pereira\\Desktop\\javascript-definitive-guide-7\\javascript-tools-and-extensions\\getJSON.js","statementMap":{"0":{"start":{"line":3,"column":14},"end":{"line":3,"column":35}},"1":{"start":{"line":5,"column":16},"end":{"line":17,"column":1}},"2":{"start":{"line":6,"column":2},"end":{"line":16,"column":3}},"3":{"start":{"line":7,"column":21},"end":{"line":7,"column":37}},"4":{"start":{"line":8,"column":4},"end":{"line":10,"column":5}},"5":{"start":{"line":9,"column":6},"end":{"line":9,"column":76}},"6":{"start":{"line":11,"column":17},"end":{"line":11,"column":38}},"7":{"start":{"line":12,"column":4},"end":{"line":12,"column":16}},"8":{"start":{"line":14,"column":4},"end":{"line":14,"column":42}},"9":{"start":{"line":15,"column":4},"end":{"line":15,"column":16}},"10":{"start":{"line":19,"column":0},"end":{"line":19,"column":25}}},"fnMap":{"0":{"name":"(anonymous_0)","decl":{"start":{"line":5,"column":16},"end":{"line":5,"column":17}},"loc":{"start":{"line":5,"column":31},"end":{"line":17,"column":1}},"line":5}},"branchMap":{"0":{"loc":{"start":{"line":8,"column":4},"end":{"line":10,"column":5}},"type":"if","locations":[{"start":{"line":8,"column":4},"end":{"line":10,"column":5}},{"start":{},"end":{}}],"line":8}},"s":{"0":1,"1":1,"2":0,"3":0,"4":0,"5":0,"6":0,"7":0,"8":0,"9":0,"10":1},"f":{"0":0},"b":{"0":[0,0]},"_coverageSchema":"1a1c01bbd47fc00a2c39e90264f33305004495a9","hash":"c7211ae67b3ee69f3426dc10bef2f22f413b413f"}
,"C:\\Users\\Celmar Pereira\\Desktop\\javascript-definitive-guide-7\\javascript-tools-and-extensions\\getTemperature.js": {"path":"C:\\Users\\Celmar Pereira\\Desktop\\javascript-definitive-guide-7\\javascript-tools-and-extensions\\getTemperature.js","statementMap":{"0":{"start":{"line":1,"column":16},"end":{"line":1,"column":39}},"1":{"start":{"line":9,"column":0},"end":{"line":18,"column":2}},"2":{"start":{"line":11,"column":12},"end":{"line":15,"column":5}},"3":{"start":{"line":17,"column":4},"end":{"line":17,"column":28}}},"fnMap":{"0":{"name":"getTemperature","decl":{"start":{"line":9,"column":32},"end":{"line":9,"column":46}},"loc":{"start":{"line":9,"column":53},"end":{"line":18,"column":1}},"line":9}},"branchMap":{},"s":{"0":1,"1":1,"2":3,"3":3},"f":{"0":3},"b":{},"_coverageSchema":"1a1c01bbd47fc00a2c39e90264f33305004495a9","hash":"5e30c7049a566646a7e29b5aab78c74be39496dc"}
,"C:\\Users\\Celmar Pereira\\Desktop\\javascript-definitive-guide-7\\javascript-tools-and-extensions\\sum.js": {"path":"C:\\Users\\Celmar Pereira\\Desktop\\javascript-definitive-guide-7\\javascript-tools-and-extensions\\sum.js","statementMap":{"0":{"start":{"line":2,"column":4},"end":{"line":2,"column":17}},"1":{"start":{"line":4,"column":0},"end":{"line":4,"column":21}}},"fnMap":{"0":{"name":"sum","decl":{"start":{"line":1,"column":9},"end":{"line":1,"column":12}},"loc":{"start":{"line":1,"column":19},"end":{"line":3,"column":1}},"line":1}},"branchMap":{},"s":{"0":1,"1":1},"f":{"0":1},"b":{},"_coverageSchema":"1a1c01bbd47fc00a2c39e90264f33305004495a9","hash":"fe382961b904aab214f8f7b4938f252593d2d4dc"}
}
